<?xml version="1.0" encoding="UTF-8"?>
<!-- Generated by org.testng.reporters.JUnitReportReporter -->
<testsuite hostname="JAVA" name="persistent.AutomationM.logger" tests="1" failures="0" timestamp="19 Sep 2014 05:27:01 GMT" time="68.287" errors="0">
  <testcase name="loginWeb" time="68.287" classname="persistent.AutomationM.logger"/>
</testsuite> <!-- persistent.AutomationM.logger -->
