<?xml version="1.0" encoding="UTF-8"?>
<!-- Generated by org.testng.reporters.JUnitReportReporter -->
<testsuite hostname="JAVA" name="persistent.AutomationM.modifyxl" tests="1" failures="0" timestamp="18 Sep 2014 13:12:03 GMT" time="0.416" errors="0">
  <testcase name="f" time="0.416" classname="persistent.AutomationM.modifyxl"/>
</testsuite> <!-- persistent.AutomationM.modifyxl -->
