<?xml version="1.0" encoding="UTF-8"?>
<!-- Generated by org.testng.reporters.JUnitReportReporter -->
<testsuite hostname="JAVA" name="functinalTest.UpdateSettingTest" tests="1" failures="0" timestamp="19 Sep 2014 09:13:52 GMT" time="40.300" errors="0">
  <testcase name="updateSettings" time="40.300" classname="functinalTest.UpdateSettingTest"/>
</testsuite> <!-- functinalTest.UpdateSettingTest -->
