<?xml version="1.0" encoding="UTF-8"?>
<!-- Generated by org.testng.reporters.JUnitReportReporter -->
<testsuite hostname="JAVA" name="persistent.AutomationM.createxl" tests="1" failures="0" timestamp="18 Sep 2014 11:49:10 GMT" time="0.831" errors="0">
  <testcase name="f" time="0.831" classname="persistent.AutomationM.createxl"/>
</testsuite> <!-- persistent.AutomationM.createxl -->
