<?xml version="1.0" encoding="UTF-8"?>
<!-- Generated by org.testng.reporters.JUnitReportReporter -->
<testsuite hostname="JAVA" name="persistent.AutomationM.FirstClass" tests="1" failures="0" timestamp="17 Sep 2014 10:09:18 GMT" time="0.016" errors="0">
  <testcase name="f" time="0.016" classname="persistent.AutomationM.FirstClass"/>
</testsuite> <!-- persistent.AutomationM.FirstClass -->
