<?xml version="1.0" encoding="UTF-8"?>
<!-- Generated by org.testng.reporters.JUnitReportReporter -->
<testsuite hostname="JAVA" name="functinalTest.DesiredCap" tests="1" failures="0" timestamp="19 Sep 2014 10:20:30 GMT" time="120.628" errors="0">
  <testcase name="SendToRemote" time="120.628" classname="functinalTest.DesiredCap"/>
</testsuite> <!-- functinalTest.DesiredCap -->
