<?xml version="1.0" encoding="UTF-8"?>
<!-- Generated by org.testng.reporters.JUnitReportReporter -->
<testsuite hostname="JAVA" name="persistent.AutomationM.myxl" tests="1" failures="0" timestamp="18 Sep 2014 13:25:01 GMT" time="26.316" errors="0">
  <testcase name="f" time="26.316" classname="persistent.AutomationM.myxl"/>
</testsuite> <!-- persistent.AutomationM.myxl -->
