<?xml version="1.0" encoding="UTF-8"?>
<!-- Generated by org.testng.reporters.JUnitReportReporter -->
<testsuite hostname="JAVA" name="persistent.AutomationM.login" tests="1" failures="0" timestamp="19 Sep 2014 11:00:53 GMT" time="43.774" errors="0">
  <testcase name="loginWeb" time="43.774" classname="persistent.AutomationM.login"/>
</testsuite> <!-- persistent.AutomationM.login -->
